Using pre-set license
Built from '2020.3/staging' branch; Version is '2020.3.9f1 (108be757e447) revision 1084391'; Using compiler version '192528614'; Build Type 'Release'
OS: 'Windows 10 Pro; OS build 19042.1165; Version 2009; 64bit' Language: 'en' Physical Memory: 16383 MB
BatchMode: 1, IsHumanControllingUs: 0, StartBugReporterOnCrash: 0, Is64bit: 1, IsPro: 0

 COMMAND LINE ARGUMENTS:
D:\Program Files\Unity\2020.3.9f1\Editor\Unity.exe
-adb2
-batchMode
-noUpm
-name
AssetImportWorker0
-projectPath
C:/dev/Unity/Brackeys-6
-logFile
Logs/AssetImportWorker0.log
-srvPort
62122
Successfully changed project path to: C:/dev/Unity/Brackeys-6
C:/dev/Unity/Brackeys-6
Using Asset Import Pipeline V2.
Refreshing native plugins compatible for Editor in 169.30 ms, found 0 plugins.
Preloading 0 native plugins for Editor in 0.00 ms.
Initialize engine version: 2020.3.9f1 (108be757e447)
[Subsystems] Discovering subsystems at path D:/Program Files/Unity/2020.3.9f1/Editor/Data/Resources/UnitySubsystems
[Subsystems] Discovering subsystems at path C:/dev/Unity/Brackeys-6/Assets
GfxDevice: creating device client; threaded=0
Direct3D:
    Version:  Direct3D 11.0 [level 11.1]
    Renderer: NVIDIA GeForce GTX 1060 6GB (ID=0x1c03)
    Vendor:   
    VRAM:     6052 MB
    Driver:   30.0.14.7111
Initialize mono
Mono path[0] = 'D:/Program Files/Unity/2020.3.9f1/Editor/Data/Managed'
Mono path[1] = 'D:/Program Files/Unity/2020.3.9f1/Editor/Data/MonoBleedingEdge/lib/mono/unityjit'
Mono config path = 'D:/Program Files/Unity/2020.3.9f1/Editor/Data/MonoBleedingEdge/etc'
Using monoOptions --debugger-agent=transport=dt_socket,embedding=1,server=y,suspend=n,address=127.0.0.1:56328
Begin MonoManager ReloadAssembly
Registering precompiled unity dll's ...
Register platform support module: D:/Program Files/Unity/2020.3.9f1/Editor/Data/PlaybackEngines/WindowsStandaloneSupport/UnityEditor.WindowsStandalone.Extensions.dll
Registered in 0.003839 seconds.
Native extension for WindowsStandalone target not found
Refreshing native plugins compatible for Editor in 108.25 ms, found 0 plugins.
Preloading 0 native plugins for Editor in 0.00 ms.
Mono: successfully reloaded assembly
- Completed reload, in  4.520 seconds
Platform modules already initialized, skipping
Registering precompiled user dll's ...
Registered in 0.003840 seconds.
Begin MonoManager ReloadAssembly
Native extension for WindowsStandalone target not found
Refreshing native plugins compatible for Editor in 104.21 ms, found 0 plugins.
Preloading 0 native plugins for Editor in 0.00 ms.
Mono: successfully reloaded assembly
- Completed reload, in  2.550 seconds
Platform modules already initialized, skipping
========================================================================
Worker process is ready to serve import requests
Shader 'Universal Render Pipeline/Particles/Lit': fallback shader 'Universal Render Pipeline/Particles/SimpleLit' not found
Shader 'Universal Render Pipeline/Particles/Lit': fallback shader 'Universal Render Pipeline/Particles/SimpleLit' not found
Launched and connected shader compiler UnityShaderCompiler.exe after 0.09 seconds
Refreshing native plugins compatible for Editor in 0.88 ms, found 0 plugins.
Preloading 0 native plugins for Editor in 0.00 ms.
Unloading 2716 Unused Serialized files (Serialized files now loaded: 0)
System memory in use before: 123.8 MB.
System memory in use after: 121.0 MB.

Unloading 48 unused Assets to reduce memory usage. Loaded Objects now: 3123.
Total: 12.312600 ms (FindLiveObjects: 0.694400 ms CreateObjectMapping: 0.201200 ms MarkObjects: 7.357900 ms  DeleteObjects: 4.056200 ms)

========================================================================
Received Import Request.
  path: Assets/Inputs.inputactions
  artifactKey: Guid(5a705791a12fb6340802dd7f0facaa1a) Importer(815301076,1909f56bfc062723c751e8b465ee728b)
Start importing Assets/Inputs.inputactions using Guid(5a705791a12fb6340802dd7f0facaa1a) Importer(815301076,1909f56bfc062723c751e8b465ee728b)  -> (artifact id: '9be3ec91b8c42b314ba51e0a09aa11e1') in 0.109326 seconds
  Import took 0.118447 seconds .

========================================================================
Received Import Request.
  Time since last request: 64.947328 seconds.
  path: Assets/Prefabs/Player.prefab
  artifactKey: Guid(4fc5b00d06974ca468f3e60758803c40) Importer(815301076,1909f56bfc062723c751e8b465ee728b)
Start importing Assets/Prefabs/Player.prefab using Guid(4fc5b00d06974ca468f3e60758803c40) Importer(815301076,1909f56bfc062723c751e8b465ee728b)  -> (artifact id: 'd335cee662707b267c2a6e043b497f9b') in 0.399354 seconds
  Import took 0.406494 seconds .

========================================================================
Received Import Request.
  Time since last request: 51.299139 seconds.
  path: Assets/Prefabs/Player.prefab
  artifactKey: Guid(4fc5b00d06974ca468f3e60758803c40) Importer(815301076,1909f56bfc062723c751e8b465ee728b)
Start importing Assets/Prefabs/Player.prefab using Guid(4fc5b00d06974ca468f3e60758803c40) Importer(815301076,1909f56bfc062723c751e8b465ee728b)  -> (artifact id: '5ae9be331b9ebf73746e76e7fb52ed0b') in 0.017898 seconds
  Import took 0.024956 seconds .

========================================================================
Received Import Request.
  Time since last request: 2.455700 seconds.
  path: Assets/Prefabs/Player.prefab
  artifactKey: Guid(4fc5b00d06974ca468f3e60758803c40) Importer(815301076,1909f56bfc062723c751e8b465ee728b)
Start importing Assets/Prefabs/Player.prefab using Guid(4fc5b00d06974ca468f3e60758803c40) Importer(815301076,1909f56bfc062723c751e8b465ee728b)  -> (artifact id: '0606973cbc8e1a220ef694450610434a') in 0.017328 seconds
  Import took 0.024141 seconds .

========================================================================
Received Import Request.
  Time since last request: 1.841810 seconds.
  path: Assets/Prefabs/Player.prefab
  artifactKey: Guid(4fc5b00d06974ca468f3e60758803c40) Importer(815301076,1909f56bfc062723c751e8b465ee728b)
Start importing Assets/Prefabs/Player.prefab using Guid(4fc5b00d06974ca468f3e60758803c40) Importer(815301076,1909f56bfc062723c751e8b465ee728b)  -> (artifact id: '30fa8575049c82a38dd921542c26d9ce') in 0.017474 seconds
  Import took 0.025932 seconds .

========================================================================
Received Prepare
Registering precompiled user dll's ...
Registered in 0.003369 seconds.
Begin MonoManager ReloadAssembly
Native extension for WindowsStandalone target not found
Refreshing native plugins compatible for Editor in 0.77 ms, found 0 plugins.
Preloading 0 native plugins for Editor in 0.00 ms.
Mono: successfully reloaded assembly
- Completed reload, in  2.068 seconds
Platform modules already initialized, skipping
Shader 'Universal Render Pipeline/Particles/Lit': fallback shader 'Universal Render Pipeline/Particles/SimpleLit' not found
Shader 'Universal Render Pipeline/Particles/Lit': fallback shader 'Universal Render Pipeline/Particles/SimpleLit' not found
Refreshing native plugins compatible for Editor in 0.77 ms, found 0 plugins.
Preloading 0 native plugins for Editor in 0.00 ms.
Unloading 2643 Unused Serialized files (Serialized files now loaded: 0)
System memory in use before: 125.9 MB.
System memory in use after: 123.1 MB.

Unloading 41 unused Assets to reduce memory usage. Loaded Objects now: 3172.
Total: 6.670000 ms (FindLiveObjects: 0.573100 ms CreateObjectMapping: 0.175500 ms MarkObjects: 3.132700 ms  DeleteObjects: 2.786800 ms)

========================================================================
Received Import Request.
  Time since last request: 25.366448 seconds.
  path: ProjectSettings/TagManager.asset
  artifactKey: Guid(00000000000000003000000000000000) Importer(815301076,1909f56bfc062723c751e8b465ee728b)
Start importing ProjectSettings/TagManager.asset using Guid(00000000000000003000000000000000) Importer(815301076,1909f56bfc062723c751e8b465ee728b)  -> (artifact id: 'fc42e30003074059bef8fb59cba1b257') in 0.043296 seconds
  Import took 0.050744 seconds .

========================================================================
Received Import Request.
  Time since last request: 25.726110 seconds.
  path: Assets/Inputs.cs
  artifactKey: Guid(7dfe4ff2428ed0b45ae667124828c87a) Importer(815301076,1909f56bfc062723c751e8b465ee728b)
Start importing Assets/Inputs.cs using Guid(7dfe4ff2428ed0b45ae667124828c87a) Importer(815301076,1909f56bfc062723c751e8b465ee728b)  -> (artifact id: 'e9cd75b35fbd2b4fae7f28979b235175') in 0.040622 seconds
  Import took 0.046862 seconds .

========================================================================
Received Import Request.
  Time since last request: 0.004657 seconds.
  path: Assets/Inputs.cs
  artifactKey: Guid(7dfe4ff2428ed0b45ae667124828c87a) Importer(815301076,1909f56bfc062723c751e8b465ee728b)
Start importing Assets/Inputs.cs using Guid(7dfe4ff2428ed0b45ae667124828c87a) Importer(815301076,1909f56bfc062723c751e8b465ee728b)  -> (artifact id: 'e9cd75b35fbd2b4fae7f28979b235175') in 0.004121 seconds
  Import took 0.012130 seconds .

========================================================================
Received Import Request.
  Time since last request: 30.154252 seconds.
  path: Assets/Scripts
  artifactKey: Guid(02a3527b6b33a924e8ec66aa805ea717) Importer(815301076,1909f56bfc062723c751e8b465ee728b)
Start importing Assets/Scripts using Guid(02a3527b6b33a924e8ec66aa805ea717) Importer(815301076,1909f56bfc062723c751e8b465ee728b)  -> (artifact id: 'f0a913a0049096cde5d6a727232f232f') in 0.014161 seconds
  Import took 0.021569 seconds .

========================================================================
Received Import Request.
  Time since last request: 0.004751 seconds.
  path: Assets/Scripts
  artifactKey: Guid(02a3527b6b33a924e8ec66aa805ea717) Importer(815301076,1909f56bfc062723c751e8b465ee728b)
Start importing Assets/Scripts using Guid(02a3527b6b33a924e8ec66aa805ea717) Importer(815301076,1909f56bfc062723c751e8b465ee728b)  -> (artifact id: 'f0a913a0049096cde5d6a727232f232f') in 0.004229 seconds
  Import took 0.011092 seconds .

========================================================================
Received Import Request.
  Time since last request: 1.134922 seconds.
  path: Assets/Scripts/InputManager.cs
  artifactKey: Guid(1ac20ccaa3e9f2643bd4f7a804fa0245) Importer(815301076,1909f56bfc062723c751e8b465ee728b)
Start importing Assets/Scripts/InputManager.cs using Guid(1ac20ccaa3e9f2643bd4f7a804fa0245) Importer(815301076,1909f56bfc062723c751e8b465ee728b)  -> (artifact id: 'a77e905f41fdb92b3af11bb1c8031010') in 0.012114 seconds
  Import took 0.019369 seconds .

========================================================================
Received Import Request.
  Time since last request: 4.539917 seconds.
  path: Assets/Scripts/Player.cs
  artifactKey: Guid(ee174be2c29961648a8b7cea6adfd62b) Importer(815301076,1909f56bfc062723c751e8b465ee728b)
Start importing Assets/Scripts/Player.cs using Guid(ee174be2c29961648a8b7cea6adfd62b) Importer(815301076,1909f56bfc062723c751e8b465ee728b)  -> (artifact id: '497f7499390efa516ba2449391f25b11') in 0.003759 seconds
  Import took 0.009972 seconds .

========================================================================
Received Import Request.
  Time since last request: 0.013470 seconds.
  path: Assets/Scripts/Player.cs
  artifactKey: Guid(ee174be2c29961648a8b7cea6adfd62b) Importer(815301076,1909f56bfc062723c751e8b465ee728b)
Start importing Assets/Scripts/Player.cs using Guid(ee174be2c29961648a8b7cea6adfd62b) Importer(815301076,1909f56bfc062723c751e8b465ee728b)  -> (artifact id: '497f7499390efa516ba2449391f25b11') in 0.006376 seconds
  Import took 0.012549 seconds .

========================================================================
Received Prepare
Registering precompiled user dll's ...
Registered in 0.003213 seconds.
Begin MonoManager ReloadAssembly
Native extension for WindowsStandalone target not found
Refreshing native plugins compatible for Editor in 0.82 ms, found 0 plugins.
Preloading 0 native plugins for Editor in 0.00 ms.
Mono: successfully reloaded assembly
- Completed reload, in  1.927 seconds
Platform modules already initialized, skipping
Shader 'Universal Render Pipeline/Particles/Lit': fallback shader 'Universal Render Pipeline/Particles/SimpleLit' not found
Shader 'Universal Render Pipeline/Particles/Lit': fallback shader 'Universal Render Pipeline/Particles/SimpleLit' not found
Refreshing native plugins compatible for Editor in 1.30 ms, found 0 plugins.
Preloading 0 native plugins for Editor in 0.00 ms.
Unloading 2643 Unused Serialized files (Serialized files now loaded: 0)
System memory in use before: 126.0 MB.
System memory in use after: 123.2 MB.

Unloading 42 unused Assets to reduce memory usage. Loaded Objects now: 3175.
Total: 7.888700 ms (FindLiveObjects: 0.703800 ms CreateObjectMapping: 0.201500 ms MarkObjects: 3.203200 ms  DeleteObjects: 3.778200 ms)

========================================================================
Received Prepare
Registering precompiled user dll's ...
Registered in 0.003156 seconds.
Begin MonoManager ReloadAssembly
Native extension for WindowsStandalone target not found
Refreshing native plugins compatible for Editor in 0.77 ms, found 0 plugins.
Preloading 0 native plugins for Editor in 0.00 ms.
Mono: successfully reloaded assembly
- Completed reload, in  1.960 seconds
Platform modules already initialized, skipping
Shader 'Universal Render Pipeline/Particles/Lit': fallback shader 'Universal Render Pipeline/Particles/SimpleLit' not found
Shader 'Universal Render Pipeline/Particles/Lit': fallback shader 'Universal Render Pipeline/Particles/SimpleLit' not found
Refreshing native plugins compatible for Editor in 0.77 ms, found 0 plugins.
Preloading 0 native plugins for Editor in 0.00 ms.
Unloading 2643 Unused Serialized files (Serialized files now loaded: 0)
System memory in use before: 126.0 MB.
System memory in use after: 123.2 MB.

Unloading 41 unused Assets to reduce memory usage. Loaded Objects now: 3178.
Total: 7.396400 ms (FindLiveObjects: 0.670200 ms CreateObjectMapping: 0.184500 ms MarkObjects: 3.501400 ms  DeleteObjects: 3.038200 ms)

========================================================================
Received Import Request.
  Time since last request: 241.197557 seconds.
  path: Assets/Materials
  artifactKey: Guid(d0234ba368eeec9418390da711bfdad0) Importer(815301076,1909f56bfc062723c751e8b465ee728b)
Start importing Assets/Materials using Guid(d0234ba368eeec9418390da711bfdad0) Importer(815301076,1909f56bfc062723c751e8b465ee728b)  -> (artifact id: 'dd1fccef896d48891410691dfde716e5') in 0.018046 seconds
  Import took 0.025520 seconds .

========================================================================
Received Import Request.
  Time since last request: 8.063919 seconds.
  path: Assets/Materials/Ground.mat
  artifactKey: Guid(27ef03f709deae94d89e31207b3baeee) Importer(815301076,1909f56bfc062723c751e8b465ee728b)
Start importing Assets/Materials/Ground.mat using Guid(27ef03f709deae94d89e31207b3baeee) Importer(815301076,1909f56bfc062723c751e8b465ee728b)  -> (artifact id: '2e4eb4d25a96ed70c2871670c30c5e37') in 0.346284 seconds
  Import took 0.353414 seconds .

========================================================================
Received Prepare
Registering precompiled user dll's ...
Registered in 0.002847 seconds.
Begin MonoManager ReloadAssembly
Native extension for WindowsStandalone target not found
Refreshing native plugins compatible for Editor in 0.76 ms, found 0 plugins.
Preloading 0 native plugins for Editor in 0.00 ms.
Mono: successfully reloaded assembly
- Completed reload, in  1.933 seconds
Platform modules already initialized, skipping
Shader 'Universal Render Pipeline/Particles/Lit': fallback shader 'Universal Render Pipeline/Particles/SimpleLit' not found
Shader 'Universal Render Pipeline/Particles/Lit': fallback shader 'Universal Render Pipeline/Particles/SimpleLit' not found
Refreshing native plugins compatible for Editor in 0.77 ms, found 0 plugins.
Preloading 0 native plugins for Editor in 0.00 ms.
Unloading 2643 Unused Serialized files (Serialized files now loaded: 0)
System memory in use before: 126.4 MB.
System memory in use after: 123.6 MB.

Unloading 41 unused Assets to reduce memory usage. Loaded Objects now: 3250.
Total: 6.998500 ms (FindLiveObjects: 0.573100 ms CreateObjectMapping: 0.169500 ms MarkObjects: 3.081600 ms  DeleteObjects: 3.172300 ms)

========================================================================
Received Import Request.
  Time since last request: 202.790268 seconds.
  path: Assets/Prefabs/Environment
  artifactKey: Guid(edf2b78dceeb5324a85a26571810ada8) Importer(815301076,1909f56bfc062723c751e8b465ee728b)
Start importing Assets/Prefabs/Environment using Guid(edf2b78dceeb5324a85a26571810ada8) Importer(815301076,1909f56bfc062723c751e8b465ee728b)  -> (artifact id: '42790d3e0c47aa9826a387e70002080f') in 0.018576 seconds
  Import took 0.025954 seconds .

========================================================================
Received Import Request.
  Time since last request: 0.818806 seconds.
  path: Assets/Prefabs/Environment/Pillar
  artifactKey: Guid(8d1ec7fc9fe92aa4d94ba8f4a07b4ff1) Importer(815301076,1909f56bfc062723c751e8b465ee728b)
Start importing Assets/Prefabs/Environment/Pillar using Guid(8d1ec7fc9fe92aa4d94ba8f4a07b4ff1) Importer(815301076,1909f56bfc062723c751e8b465ee728b)  -> (artifact id: '0ce6fe8bddff30b6f62da3f1728406b3') in 0.011631 seconds
  Import took 0.018445 seconds .

========================================================================
Received Import Request.
  Time since last request: 0.001814 seconds.
  path: Assets/Prefabs/Environment/Pillar
  artifactKey: Guid(8d1ec7fc9fe92aa4d94ba8f4a07b4ff1) Importer(815301076,1909f56bfc062723c751e8b465ee728b)
Start importing Assets/Prefabs/Environment/Pillar using Guid(8d1ec7fc9fe92aa4d94ba8f4a07b4ff1) Importer(815301076,1909f56bfc062723c751e8b465ee728b)  -> (artifact id: '0ce6fe8bddff30b6f62da3f1728406b3') in 0.005706 seconds
  Import took 0.013048 seconds .

========================================================================
Received Import Request.
  Time since last request: 0.528456 seconds.
  path: Assets/Prefabs/Environment/Pillar/PillarBase.fbx
  artifactKey: Guid(ebb3697595b9d1346b8f137774614ace) Importer(815301076,1909f56bfc062723c751e8b465ee728b)
Start importing Assets/Prefabs/Environment/Pillar/PillarBase.fbx using Guid(ebb3697595b9d1346b8f137774614ace) Importer(815301076,1909f56bfc062723c751e8b465ee728b)  -> (artifact id: '29a7befdd94fbc54a7319de95917fc93') in 1.152416 seconds
  Import took 1.161054 seconds .

========================================================================
Received Import Request.
  Time since last request: 30.873348 seconds.
  path: Assets/Prefabs/Environment/Pillar/PillarBase.fbx
  artifactKey: Guid(ebb3697595b9d1346b8f137774614ace) Importer(815301076,1909f56bfc062723c751e8b465ee728b)
Start importing Assets/Prefabs/Environment/Pillar/PillarBase.fbx using Guid(ebb3697595b9d1346b8f137774614ace) Importer(815301076,1909f56bfc062723c751e8b465ee728b)  -> (artifact id: '3b57530990aa84130cb2adcb91320c35') in 0.045057 seconds
  Import took 0.053731 seconds .

========================================================================
Received Import Request.
  Time since last request: 90.140257 seconds.
  path: Assets/Prefabs/Environment/Pillar/Pillar01fbx.fbx
  artifactKey: Guid(ba1b04fe6c811ca4f85abf3cb25767d3) Importer(815301076,1909f56bfc062723c751e8b465ee728b)
Start importing Assets/Prefabs/Environment/Pillar/Pillar01fbx.fbx using Guid(ba1b04fe6c811ca4f85abf3cb25767d3) Importer(815301076,1909f56bfc062723c751e8b465ee728b)  -> (artifact id: '682c0fc16b1815220edb3b9aaa67e44e') in 0.757614 seconds
  Import took 0.767802 seconds .

========================================================================
Received Import Request.
  Time since last request: 20.677856 seconds.
  path: Assets/Prefabs/Environment/Pillar/Pillar01fbx.fbx
  artifactKey: Guid(ba1b04fe6c811ca4f85abf3cb25767d3) Importer(815301076,1909f56bfc062723c751e8b465ee728b)
Start importing Assets/Prefabs/Environment/Pillar/Pillar01fbx.fbx using Guid(ba1b04fe6c811ca4f85abf3cb25767d3) Importer(815301076,1909f56bfc062723c751e8b465ee728b)  -> (artifact id: 'c8af28d1c840a577dec55f9a1b6bee45') in 0.773522 seconds
  Import took 0.784252 seconds .

========================================================================
Received Prepare
Registering precompiled user dll's ...
Registered in 0.003372 seconds.
Begin MonoManager ReloadAssembly
Native extension for WindowsStandalone target not found
Refreshing native plugins compatible for Editor in 0.84 ms, found 0 plugins.
Preloading 0 native plugins for Editor in 0.00 ms.
Mono: successfully reloaded assembly
- Completed reload, in  1.973 seconds
Platform modules already initialized, skipping
Shader 'Universal Render Pipeline/Particles/Lit': fallback shader 'Universal Render Pipeline/Particles/SimpleLit' not found
Shader 'Universal Render Pipeline/Particles/Lit': fallback shader 'Universal Render Pipeline/Particles/SimpleLit' not found
Refreshing native plugins compatible for Editor in 0.76 ms, found 0 plugins.
Preloading 0 native plugins for Editor in 0.00 ms.
Unloading 2643 Unused Serialized files (Serialized files now loaded: 0)
System memory in use before: 127.3 MB.
System memory in use after: 124.5 MB.

Unloading 41 unused Assets to reduce memory usage. Loaded Objects now: 3294.
Total: 7.068000 ms (FindLiveObjects: 0.553800 ms CreateObjectMapping: 0.176500 ms MarkObjects: 3.364000 ms  DeleteObjects: 2.972000 ms)

========================================================================
Received Prepare
Registering precompiled user dll's ...
Registered in 0.002871 seconds.
Begin MonoManager ReloadAssembly
Native extension for WindowsStandalone target not found
Refreshing native plugins compatible for Editor in 0.77 ms, found 0 plugins.
Preloading 0 native plugins for Editor in 0.00 ms.
Mono: successfully reloaded assembly
- Completed reload, in  1.960 seconds
Platform modules already initialized, skipping
Shader 'Universal Render Pipeline/Particles/Lit': fallback shader 'Universal Render Pipeline/Particles/SimpleLit' not found
Shader 'Universal Render Pipeline/Particles/Lit': fallback shader 'Universal Render Pipeline/Particles/SimpleLit' not found
Refreshing native plugins compatible for Editor in 0.77 ms, found 0 plugins.
Preloading 0 native plugins for Editor in 0.00 ms.
Unloading 2643 Unused Serialized files (Serialized files now loaded: 0)
System memory in use before: 127.3 MB.
System memory in use after: 124.6 MB.

Unloading 41 unused Assets to reduce memory usage. Loaded Objects now: 3297.
Total: 7.112400 ms (FindLiveObjects: 0.592200 ms CreateObjectMapping: 0.171100 ms MarkObjects: 3.215200 ms  DeleteObjects: 3.132200 ms)

========================================================================
Received Import Request.
  Time since last request: 175.783656 seconds.
  path: Assets/Prefabs/Environment/Pillar/Pillar01.fbx
  artifactKey: Guid(ba1b04fe6c811ca4f85abf3cb25767d3) Importer(815301076,1909f56bfc062723c751e8b465ee728b)
Start importing Assets/Prefabs/Environment/Pillar/Pillar01.fbx using Guid(ba1b04fe6c811ca4f85abf3cb25767d3) Importer(815301076,1909f56bfc062723c751e8b465ee728b)  -> (artifact id: 'e3df76cdd9ba709645778b95d02422f2') in 1.065850 seconds
  Import took 1.074756 seconds .

========================================================================
Received Import Request.
  Time since last request: 0.000380 seconds.
  path: Assets/Prefabs/Environment/Pillar/Pillar02.fbx
  artifactKey: Guid(c08e037678a43c04b885c5dd6c1ea459) Importer(815301076,1909f56bfc062723c751e8b465ee728b)
Start importing Assets/Prefabs/Environment/Pillar/Pillar02.fbx using Guid(c08e037678a43c04b885c5dd6c1ea459) Importer(815301076,1909f56bfc062723c751e8b465ee728b)  -> (artifact id: '6ac4ed20e62713041363d0928a80789e') in 0.711249 seconds
  Import took 0.718986 seconds .

========================================================================
Received Import Request.
  Time since last request: 36.276932 seconds.
  path: Assets/Prefabs/Environment/Pillar/FBX
  artifactKey: Guid(90897909b9fd5e041948ff433eb61d98) Importer(815301076,1909f56bfc062723c751e8b465ee728b)
Start importing Assets/Prefabs/Environment/Pillar/FBX using Guid(90897909b9fd5e041948ff433eb61d98) Importer(815301076,1909f56bfc062723c751e8b465ee728b)  -> (artifact id: '62eed2b86d7ac95e9af2d110fe32110c') in 0.011989 seconds
  Import took 0.019853 seconds .

========================================================================
Received Import Request.
  Time since last request: 0.001893 seconds.
  path: Assets/Prefabs/Environment/Pillar/FBX
  artifactKey: Guid(90897909b9fd5e041948ff433eb61d98) Importer(815301076,1909f56bfc062723c751e8b465ee728b)
Start importing Assets/Prefabs/Environment/Pillar/FBX using Guid(90897909b9fd5e041948ff433eb61d98) Importer(815301076,1909f56bfc062723c751e8b465ee728b)  -> (artifact id: '62eed2b86d7ac95e9af2d110fe32110c') in 0.006828 seconds
  Import took 0.013766 seconds .

========================================================================
Received Import Request.
  Time since last request: 41.611250 seconds.
  path: Assets/Prefabs/Environment/Pillar/FBX/Pillar03.fbx
  artifactKey: Guid(12d698c123d61214483c0bd7f37523fe) Importer(815301076,1909f56bfc062723c751e8b465ee728b)
Start importing Assets/Prefabs/Environment/Pillar/FBX/Pillar03.fbx using Guid(12d698c123d61214483c0bd7f37523fe) Importer(815301076,1909f56bfc062723c751e8b465ee728b)  -> (artifact id: 'aceaaffe0aa12317ed8be31f3e52a83b') in 0.749139 seconds
  Import took 0.758719 seconds .

========================================================================
Received Import Request.
  Time since last request: 0.000519 seconds.
  path: Assets/Prefabs/Environment/Pillar/FBX/Pillar03.fbx
  artifactKey: Guid(12d698c123d61214483c0bd7f37523fe) Importer(815301076,1909f56bfc062723c751e8b465ee728b)
Start importing Assets/Prefabs/Environment/Pillar/FBX/Pillar03.fbx using Guid(12d698c123d61214483c0bd7f37523fe) Importer(815301076,1909f56bfc062723c751e8b465ee728b)  -> (artifact id: 'aceaaffe0aa12317ed8be31f3e52a83b') in 0.743293 seconds
  Import took 0.751850 seconds .

========================================================================
Received Import Request.
  Time since last request: 51.319225 seconds.
  path: Assets/Scripts/Damagable.cs
  artifactKey: Guid(08157a63a7dd8fa4bb23a53069d6ef98) Importer(815301076,1909f56bfc062723c751e8b465ee728b)
Start importing Assets/Scripts/Damagable.cs using Guid(08157a63a7dd8fa4bb23a53069d6ef98) Importer(815301076,1909f56bfc062723c751e8b465ee728b)  -> (artifact id: '0443f333a60d05bd7681b6acb29601cc') in 0.012984 seconds
  Import took 0.020792 seconds .

========================================================================
Received Prepare
Registering precompiled user dll's ...
Registered in 0.002883 seconds.
Begin MonoManager ReloadAssembly
Native extension for WindowsStandalone target not found
Refreshing native plugins compatible for Editor in 0.85 ms, found 0 plugins.
Preloading 0 native plugins for Editor in 0.00 ms.
Mono: successfully reloaded assembly
- Completed reload, in  2.301 seconds
Platform modules already initialized, skipping
Shader 'Universal Render Pipeline/Particles/Lit': fallback shader 'Universal Render Pipeline/Particles/SimpleLit' not found
Shader 'Universal Render Pipeline/Particles/Lit': fallback shader 'Universal Render Pipeline/Particles/SimpleLit' not found
Refreshing native plugins compatible for Editor in 0.87 ms, found 0 plugins.
Preloading 0 native plugins for Editor in 0.00 ms.
Unloading 2644 Unused Serialized files (Serialized files now loaded: 0)
System memory in use before: 127.8 MB.
System memory in use after: 125.1 MB.

Unloading 41 unused Assets to reduce memory usage. Loaded Objects now: 3337.
Total: 8.740900 ms (FindLiveObjects: 0.638000 ms CreateObjectMapping: 0.176400 ms MarkObjects: 4.270100 ms  DeleteObjects: 3.654500 ms)

========================================================================
Received Prepare
Registering precompiled user dll's ...
Registered in 0.003477 seconds.
Begin MonoManager ReloadAssembly
Native extension for WindowsStandalone target not found
Refreshing native plugins compatible for Editor in 0.82 ms, found 0 plugins.
Preloading 0 native plugins for Editor in 0.00 ms.
Mono: successfully reloaded assembly
- Completed reload, in  2.046 seconds
Platform modules already initialized, skipping
Shader 'Universal Render Pipeline/Particles/Lit': fallback shader 'Universal Render Pipeline/Particles/SimpleLit' not found
Shader 'Universal Render Pipeline/Particles/Lit': fallback shader 'Universal Render Pipeline/Particles/SimpleLit' not found
Refreshing native plugins compatible for Editor in 0.91 ms, found 0 plugins.
Preloading 0 native plugins for Editor in 0.00 ms.
Unloading 2644 Unused Serialized files (Serialized files now loaded: 0)
System memory in use before: 127.9 MB.
System memory in use after: 125.1 MB.

Unloading 41 unused Assets to reduce memory usage. Loaded Objects now: 3340.
Total: 7.173100 ms (FindLiveObjects: 0.606500 ms CreateObjectMapping: 0.178700 ms MarkObjects: 3.180800 ms  DeleteObjects: 3.205700 ms)

========================================================================
Received Import Request.
  Time since last request: 61.987830 seconds.
  path: Assets/Scripts/Damagable.cs
  artifactKey: Guid(08157a63a7dd8fa4bb23a53069d6ef98) Importer(815301076,1909f56bfc062723c751e8b465ee728b)
Start importing Assets/Scripts/Damagable.cs using Guid(08157a63a7dd8fa4bb23a53069d6ef98) Importer(815301076,1909f56bfc062723c751e8b465ee728b)  -> (artifact id: 'c040dfcbc7189570e1a40e852849a6ae') in 0.010792 seconds
  Import took 0.018328 seconds .

========================================================================
Received Prepare
Registering precompiled user dll's ...
Registered in 0.003740 seconds.
Begin MonoManager ReloadAssembly
Native extension for WindowsStandalone target not found
Refreshing native plugins compatible for Editor in 0.76 ms, found 0 plugins.
Preloading 0 native plugins for Editor in 0.00 ms.
Mono: successfully reloaded assembly
- Completed reload, in  1.966 seconds
Platform modules already initialized, skipping
Shader 'Universal Render Pipeline/Particles/Lit': fallback shader 'Universal Render Pipeline/Particles/SimpleLit' not found
Shader 'Universal Render Pipeline/Particles/Lit': fallback shader 'Universal Render Pipeline/Particles/SimpleLit' not found
Refreshing native plugins compatible for Editor in 0.77 ms, found 0 plugins.
Preloading 0 native plugins for Editor in 0.00 ms.
Unloading 2644 Unused Serialized files (Serialized files now loaded: 0)
System memory in use before: 127.8 MB.
System memory in use after: 125.1 MB.

Unloading 41 unused Assets to reduce memory usage. Loaded Objects now: 3343.
Total: 7.353800 ms (FindLiveObjects: 0.587000 ms CreateObjectMapping: 0.170300 ms MarkObjects: 3.304000 ms  DeleteObjects: 3.290400 ms)

========================================================================
Received Prepare
Registering precompiled user dll's ...
Registered in 0.002918 seconds.
Begin MonoManager ReloadAssembly
Native extension for WindowsStandalone target not found
Refreshing native plugins compatible for Editor in 0.82 ms, found 0 plugins.
Preloading 0 native plugins for Editor in 0.00 ms.
Mono: successfully reloaded assembly
- Completed reload, in  1.979 seconds
Platform modules already initialized, skipping
Shader 'Universal Render Pipeline/Particles/Lit': fallback shader 'Universal Render Pipeline/Particles/SimpleLit' not found
Shader 'Universal Render Pipeline/Particles/Lit': fallback shader 'Universal Render Pipeline/Particles/SimpleLit' not found
Refreshing native plugins compatible for Editor in 0.78 ms, found 0 plugins.
Preloading 0 native plugins for Editor in 0.00 ms.
Unloading 2644 Unused Serialized files (Serialized files now loaded: 0)
System memory in use before: 127.9 MB.
System memory in use after: 125.1 MB.

Unloading 41 unused Assets to reduce memory usage. Loaded Objects now: 3346.
Total: 7.320000 ms (FindLiveObjects: 0.617700 ms CreateObjectMapping: 0.173900 ms MarkObjects: 3.305200 ms  DeleteObjects: 3.221200 ms)

========================================================================
Received Import Request.
  Time since last request: 81.335513 seconds.
  path: Assets/Scripts/Damagable.cs
  artifactKey: Guid(08157a63a7dd8fa4bb23a53069d6ef98) Importer(815301076,1909f56bfc062723c751e8b465ee728b)
Start importing Assets/Scripts/Damagable.cs using Guid(08157a63a7dd8fa4bb23a53069d6ef98) Importer(815301076,1909f56bfc062723c751e8b465ee728b)  -> (artifact id: 'aef077379130cfc4a3abd5a78f0f026d') in 0.009623 seconds
  Import took 0.015905 seconds .

========================================================================
Received Prepare
Registering precompiled user dll's ...
Registered in 0.002857 seconds.
Begin MonoManager ReloadAssembly
Native extension for WindowsStandalone target not found
Refreshing native plugins compatible for Editor in 0.82 ms, found 0 plugins.
Preloading 0 native plugins for Editor in 0.00 ms.
Mono: successfully reloaded assembly
- Completed reload, in  2.627 seconds
Platform modules already initialized, skipping
Shader 'Universal Render Pipeline/Particles/Lit': fallback shader 'Universal Render Pipeline/Particles/SimpleLit' not found
Shader 'Universal Render Pipeline/Particles/Lit': fallback shader 'Universal Render Pipeline/Particles/SimpleLit' not found
Refreshing native plugins compatible for Editor in 0.81 ms, found 0 plugins.
Preloading 0 native plugins for Editor in 0.00 ms.
Unloading 2644 Unused Serialized files (Serialized files now loaded: 0)
System memory in use before: 127.9 MB.
System memory in use after: 125.1 MB.

Unloading 41 unused Assets to reduce memory usage. Loaded Objects now: 3349.
Total: 7.234300 ms (FindLiveObjects: 0.595000 ms CreateObjectMapping: 0.184900 ms MarkObjects: 3.271200 ms  DeleteObjects: 3.181800 ms)

========================================================================
Received Prepare
Registering precompiled user dll's ...
Registered in 0.002851 seconds.
Begin MonoManager ReloadAssembly
Native extension for WindowsStandalone target not found
Refreshing native plugins compatible for Editor in 0.82 ms, found 0 plugins.
Preloading 0 native plugins for Editor in 0.00 ms.
Mono: successfully reloaded assembly
- Completed reload, in  1.973 seconds
Platform modules already initialized, skipping
Shader 'Universal Render Pipeline/Particles/Lit': fallback shader 'Universal Render Pipeline/Particles/SimpleLit' not found
Shader 'Universal Render Pipeline/Particles/Lit': fallback shader 'Universal Render Pipeline/Particles/SimpleLit' not found
Refreshing native plugins compatible for Editor in 0.78 ms, found 0 plugins.
Preloading 0 native plugins for Editor in 0.00 ms.
Unloading 2644 Unused Serialized files (Serialized files now loaded: 0)
System memory in use before: 127.9 MB.
System memory in use after: 125.1 MB.

Unloading 41 unused Assets to reduce memory usage. Loaded Objects now: 3352.
Total: 7.344700 ms (FindLiveObjects: 0.621400 ms CreateObjectMapping: 0.167200 ms MarkObjects: 3.322900 ms  DeleteObjects: 3.230900 ms)

========================================================================
Received Prepare
Registering precompiled user dll's ...
Registered in 0.002923 seconds.
Begin MonoManager ReloadAssembly
Native extension for WindowsStandalone target not found
Refreshing native plugins compatible for Editor in 0.77 ms, found 0 plugins.
Preloading 0 native plugins for Editor in 0.00 ms.
Mono: successfully reloaded assembly
- Completed reload, in  1.992 seconds
Platform modules already initialized, skipping
Shader 'Universal Render Pipeline/Particles/Lit': fallback shader 'Universal Render Pipeline/Particles/SimpleLit' not found
Shader 'Universal Render Pipeline/Particles/Lit': fallback shader 'Universal Render Pipeline/Particles/SimpleLit' not found
Refreshing native plugins compatible for Editor in 0.78 ms, found 0 plugins.
Preloading 0 native plugins for Editor in 0.00 ms.
Unloading 2644 Unused Serialized files (Serialized files now loaded: 0)
System memory in use before: 127.9 MB.
System memory in use after: 125.1 MB.

Unloading 41 unused Assets to reduce memory usage. Loaded Objects now: 3355.
Total: 7.691100 ms (FindLiveObjects: 0.607100 ms CreateObjectMapping: 0.193300 ms MarkObjects: 3.465200 ms  DeleteObjects: 3.423900 ms)

========================================================================
Received Prepare
Registering precompiled user dll's ...
Registered in 0.003279 seconds.
Begin MonoManager ReloadAssembly
Native extension for WindowsStandalone target not found
Refreshing native plugins compatible for Editor in 0.82 ms, found 0 plugins.
Preloading 0 native plugins for Editor in 0.00 ms.
Mono: successfully reloaded assembly
- Completed reload, in  2.002 seconds
Platform modules already initialized, skipping
Shader 'Universal Render Pipeline/Particles/Lit': fallback shader 'Universal Render Pipeline/Particles/SimpleLit' not found
Shader 'Universal Render Pipeline/Particles/Lit': fallback shader 'Universal Render Pipeline/Particles/SimpleLit' not found
Refreshing native plugins compatible for Editor in 0.79 ms, found 0 plugins.
Preloading 0 native plugins for Editor in 0.00 ms.
Unloading 2644 Unused Serialized files (Serialized files now loaded: 0)
System memory in use before: 127.9 MB.
System memory in use after: 125.1 MB.

Unloading 41 unused Assets to reduce memory usage. Loaded Objects now: 3358.
Total: 7.889200 ms (FindLiveObjects: 0.608900 ms CreateObjectMapping: 0.171100 ms MarkObjects: 3.425700 ms  DeleteObjects: 3.681600 ms)

========================================================================
Received Prepare
Registering precompiled user dll's ...
Registered in 0.003539 seconds.
Begin MonoManager ReloadAssembly
Native extension for WindowsStandalone target not found
Refreshing native plugins compatible for Editor in 0.87 ms, found 0 plugins.
Preloading 0 native plugins for Editor in 0.00 ms.
Mono: successfully reloaded assembly
- Completed reload, in  2.451 seconds
Platform modules already initialized, skipping
Shader 'Universal Render Pipeline/Particles/Lit': fallback shader 'Universal Render Pipeline/Particles/SimpleLit' not found
Shader 'Universal Render Pipeline/Particles/Lit': fallback shader 'Universal Render Pipeline/Particles/SimpleLit' not found
Refreshing native plugins compatible for Editor in 0.86 ms, found 0 plugins.
Preloading 0 native plugins for Editor in 0.00 ms.
Unloading 2644 Unused Serialized files (Serialized files now loaded: 0)
System memory in use before: 127.9 MB.
System memory in use after: 125.1 MB.

Unloading 41 unused Assets to reduce memory usage. Loaded Objects now: 3361.
Total: 7.861400 ms (FindLiveObjects: 0.627500 ms CreateObjectMapping: 0.174700 ms MarkObjects: 3.672500 ms  DeleteObjects: 3.384400 ms)

========================================================================
Received Prepare
Registering precompiled user dll's ...
Registered in 0.003719 seconds.
Begin MonoManager ReloadAssembly
Native extension for WindowsStandalone target not found
Refreshing native plugins compatible for Editor in 0.87 ms, found 0 plugins.
Preloading 0 native plugins for Editor in 0.00 ms.
Mono: successfully reloaded assembly
- Completed reload, in  2.075 seconds
Platform modules already initialized, skipping
Shader 'Universal Render Pipeline/Particles/Lit': fallback shader 'Universal Render Pipeline/Particles/SimpleLit' not found
Shader 'Universal Render Pipeline/Particles/Lit': fallback shader 'Universal Render Pipeline/Particles/SimpleLit' not found
Refreshing native plugins compatible for Editor in 0.78 ms, found 0 plugins.
Preloading 0 native plugins for Editor in 0.00 ms.
Unloading 2644 Unused Serialized files (Serialized files now loaded: 0)
System memory in use before: 127.9 MB.
System memory in use after: 125.2 MB.

Unloading 41 unused Assets to reduce memory usage. Loaded Objects now: 3364.
Total: 7.439600 ms (FindLiveObjects: 0.653500 ms CreateObjectMapping: 0.172000 ms MarkObjects: 3.372700 ms  DeleteObjects: 3.239100 ms)

========================================================================
Received Prepare
Registering precompiled user dll's ...
Registered in 0.003327 seconds.
Begin MonoManager ReloadAssembly
Native extension for WindowsStandalone target not found
Refreshing native plugins compatible for Editor in 0.81 ms, found 0 plugins.
Preloading 0 native plugins for Editor in 0.00 ms.
Mono: successfully reloaded assembly
- Completed reload, in  2.001 seconds
Platform modules already initialized, skipping
Shader 'Universal Render Pipeline/Particles/Lit': fallback shader 'Universal Render Pipeline/Particles/SimpleLit' not found
Shader 'Universal Render Pipeline/Particles/Lit': fallback shader 'Universal Render Pipeline/Particles/SimpleLit' not found
Refreshing native plugins compatible for Editor in 1.22 ms, found 0 plugins.
Preloading 0 native plugins for Editor in 0.00 ms.
Unloading 2644 Unused Serialized files (Serialized files now loaded: 0)
System memory in use before: 128.0 MB.
System memory in use after: 125.2 MB.

Unloading 41 unused Assets to reduce memory usage. Loaded Objects now: 3367.
Total: 9.297800 ms (FindLiveObjects: 0.609200 ms CreateObjectMapping: 0.171100 ms MarkObjects: 3.975200 ms  DeleteObjects: 4.540000 ms)

